INFO [2016-05-20 14:24:40] PoC dashboard started
INFO [2016-05-20 14:24:41] Данные с GitHub получены, последние записи:
INFO [2016-05-20 14:24:41] Source: local data frame [4 x 7]
INFO [2016-05-20 14:24:41] 
INFO [2016-05-20 14:24:41]    name      lat      lon value work.status           timestamp   location
INFO [2016-05-20 14:24:41]   (chr)    (dbl)    (dbl) (dbl)       (lgl)              (time)      (chr)
INFO [2016-05-20 14:24:41] 1  af02 55.76523 37.58032    94        TRUE 2016-05-20 14:00:00 Moscow Lab
INFO [2016-05-20 14:24:41] 2  b002 55.76118 37.57836    91        TRUE 2016-05-20 14:00:00 Moscow Lab
INFO [2016-05-20 14:24:41] 3  af02 55.76523 37.58032    94        TRUE 2016-05-20 13:30:00 Moscow Lab
INFO [2016-05-20 14:24:41] 4  b002 55.76118 37.57836    91        TRUE 2016-05-20 13:30:00 Moscow Lab
INFO [2016-05-20 14:24:42] autoInvalidate. 0 - 2016-05-20 14:24:42
INFO [2016-05-20 14:24:42] Данные с GitHub получены, последние записи:
INFO [2016-05-20 14:24:42] Source: local data frame [4 x 7]
INFO [2016-05-20 14:24:42] 
INFO [2016-05-20 14:24:42]    name      lat      lon value work.status           timestamp   location
INFO [2016-05-20 14:24:42]   (chr)    (dbl)    (dbl) (dbl)       (lgl)              (time)      (chr)
INFO [2016-05-20 14:24:42] 1  af02 55.76523 37.58032    94        TRUE 2016-05-20 14:00:00 Moscow Lab
INFO [2016-05-20 14:24:42] 2  b002 55.76118 37.57836    91        TRUE 2016-05-20 14:00:00 Moscow Lab
INFO [2016-05-20 14:24:42] 3  af02 55.76523 37.58032    94        TRUE 2016-05-20 13:30:00 Moscow Lab
INFO [2016-05-20 14:24:42] 4  b002 55.76118 37.57836    91        TRUE 2016-05-20 13:30:00 Moscow Lab
INFO [2016-05-20 14:24:42] 0: temp_plot
INFO [2016-05-20 14:24:43] Element:NA
INFO [2016-05-20 14:24:43] Element:2016-05-12 18:00:00
INFO [2016-05-20 14:24:43] Element:2016-05-12 22:00:00
INFO [2016-05-20 14:24:43] Element:2016-05-13 02:00:00
INFO [2016-05-20 14:24:43] Element:2016-05-13 06:00:00
INFO [2016-05-20 14:24:43] Element:2016-05-13 10:00:00
INFO [2016-05-20 14:24:43] Element:2016-05-13 14:00:00
INFO [2016-05-20 14:24:43] Element:2016-05-13 18:00:00
INFO [2016-05-20 14:24:43] Element:2016-05-13 22:00:00
INFO [2016-05-20 14:24:43] Element:2016-05-14 02:00:00
INFO [2016-05-20 14:24:43] Element:2016-05-14 06:00:00
INFO [2016-05-20 14:24:43] Element:2016-05-14 10:00:00
INFO [2016-05-20 14:24:43] Element:2016-05-14 14:00:00
INFO [2016-05-20 14:24:43] Element:2016-05-14 18:00:00
INFO [2016-05-20 14:24:43] Element:2016-05-14 22:00:00
INFO [2016-05-20 14:24:43] Element:2016-05-15 02:00:00
INFO [2016-05-20 14:24:43] Element:2016-05-15 06:00:00
INFO [2016-05-20 14:24:43] Element:2016-05-15 10:00:00
INFO [2016-05-20 14:24:43] Element:2016-05-15 14:00:00
INFO [2016-05-20 14:24:43] Element:2016-05-15 18:00:00
INFO [2016-05-20 14:24:43] Element:2016-05-15 22:00:00
INFO [2016-05-20 14:24:43] Element:2016-05-16 02:00:00
INFO [2016-05-20 14:24:43] Element:2016-05-16 06:00:00
INFO [2016-05-20 14:24:43] Element:2016-05-16 10:00:00
INFO [2016-05-20 14:24:43] Element:2016-05-16 14:00:00
INFO [2016-05-20 14:24:43] Element:2016-05-16 18:00:00
INFO [2016-05-20 14:24:43] Element:2016-05-16 22:00:00
INFO [2016-05-20 14:24:43] Element:2016-05-17 02:00:00
INFO [2016-05-20 14:24:43] Element:2016-05-17 06:00:00
INFO [2016-05-20 14:24:43] Element:2016-05-17 10:00:00
INFO [2016-05-20 14:24:43] Element:2016-05-17 14:00:00
INFO [2016-05-20 14:24:43] Element:2016-05-17 18:00:00
INFO [2016-05-20 14:24:43] Element:2016-05-17 22:00:00
INFO [2016-05-20 14:24:43] Element:2016-05-18 02:00:00
INFO [2016-05-20 14:24:43] Element:2016-05-18 06:00:00
INFO [2016-05-20 14:24:43] Element:2016-05-18 10:00:00
INFO [2016-05-20 14:24:43] Element:2016-05-18 14:00:00
INFO [2016-05-20 14:24:43] Element:2016-05-18 18:00:00
INFO [2016-05-20 14:24:43] Element:2016-05-18 22:00:00
INFO [2016-05-20 14:24:43] Element:2016-05-19 02:00:00
INFO [2016-05-20 14:24:43] Element:2016-05-19 06:00:00
INFO [2016-05-20 14:24:43] Element:2016-05-19 10:00:00
INFO [2016-05-20 14:24:43] Element:2016-05-19 14:00:00
INFO [2016-05-20 14:24:43] Element:2016-05-19 18:00:00
INFO [2016-05-20 14:24:43] Element:2016-05-19 22:00:00
INFO [2016-05-20 14:24:43] Element:2016-05-20 02:00:00
INFO [2016-05-20 14:24:43] Element:2016-05-20 06:00:00
INFO [2016-05-20 14:24:43] Element:2016-05-20 10:00:00
INFO [2016-05-20 14:24:43] Element:2016-05-20 14:00:00
INFO [2016-05-20 14:24:43] Element:2016-05-20 18:00:00
INFO [2016-05-20 14:24:43] Element:2016-05-20 22:00:00
INFO [2016-05-20 14:24:43] Element:NA
INFO [2016-05-20 14:24:44] 0: weather_plot
INFO [2016-05-20 14:24:45] Погода запрошена успешно
INFO [2016-05-20 14:24:45]             timestamp temp pressure humidity
INFO [2016-05-20 14:24:45] 1 2016-05-20 13:41:31 14.1      752       93
INFO [2016-05-20 14:24:45] --------------------------------
INFO [2016-05-20 14:24:45] sensors.df
INFO [2016-05-20 14:24:45] Source: local data frame [2 x 10]
INFO [2016-05-20 14:24:45] 
INFO [2016-05-20 14:24:45]    name      lat      lon value work.status           timestamp   location delta
INFO [2016-05-20 14:24:45]   (chr)    (dbl)    (dbl) (dbl)       (lgl)              (time)      (chr) (dbl)
INFO [2016-05-20 14:24:45] 1  af02 55.76523 37.58032    94        TRUE 2016-05-20 14:00:00 Moscow Lab    25
INFO [2016-05-20 14:24:45] 2  b002 55.76118 37.57836    91        TRUE 2016-05-20 14:00:00 Moscow Lab    25
INFO [2016-05-20 14:24:45] Variables not shown: level.unordered (chr), level (fctr)
INFO [2016-05-20 14:24:49] Погода запрошена успешно
INFO [2016-05-20 14:24:49]             timestamp temp pressure humidity
INFO [2016-05-20 14:24:49] 1 2016-05-20 13:41:31 14.1      752       93
INFO [2016-05-20 14:24:49] --------------------------------
INFO [2016-05-20 14:24:54] Погода запрошена успешно
INFO [2016-05-20 14:24:54]             timestamp temp pressure humidity
INFO [2016-05-20 14:24:54] 1 2016-05-20 13:41:31 14.1      752       93
INFO [2016-05-20 14:24:54] --------------------------------
INFO [2016-05-20 14:24:55] Погода запрошена успешно
INFO [2016-05-20 14:24:55]             timestamp temp pressure humidity
INFO [2016-05-20 14:24:55] 1 2016-05-20 13:41:31 14.1      752       93
INFO [2016-05-20 14:24:55] --------------------------------
INFO [2016-05-20 14:24:56] sensors.df
INFO [2016-05-20 14:24:56] Source: local data frame [2 x 10]
INFO [2016-05-20 14:24:56] 
INFO [2016-05-20 14:24:56]    name      lat      lon value work.status           timestamp   location delta
INFO [2016-05-20 14:24:56]   (chr)    (dbl)    (dbl) (dbl)       (lgl)              (time)      (chr) (dbl)
INFO [2016-05-20 14:24:56] 1  af02 55.76523 37.58032    94        TRUE 2016-05-20 14:00:00 Moscow Lab    25
INFO [2016-05-20 14:24:56] 2  b002 55.76118 37.57836    91        TRUE 2016-05-20 14:00:00 Moscow Lab    25
INFO [2016-05-20 14:24:56] Variables not shown: level.unordered (chr), level (fctr)
INFO [2016-05-20 14:24:57] 0: temp_plot
INFO [2016-05-20 14:24:57] Element:NA
INFO [2016-05-20 14:24:57] Element:2016-05-12 18:00:00
INFO [2016-05-20 14:24:57] Element:2016-05-12 22:00:00
INFO [2016-05-20 14:24:57] Element:2016-05-13 02:00:00
INFO [2016-05-20 14:24:57] Element:2016-05-13 06:00:00
INFO [2016-05-20 14:24:57] Element:2016-05-13 10:00:00
INFO [2016-05-20 14:24:57] Element:2016-05-13 14:00:00
INFO [2016-05-20 14:24:57] Element:2016-05-13 18:00:00
INFO [2016-05-20 14:24:57] Element:2016-05-13 22:00:00
INFO [2016-05-20 14:24:57] Element:2016-05-14 02:00:00
INFO [2016-05-20 14:24:58] Element:2016-05-14 06:00:00
INFO [2016-05-20 14:24:58] Element:2016-05-14 10:00:00
INFO [2016-05-20 14:24:58] Element:2016-05-14 14:00:00
INFO [2016-05-20 14:24:58] Element:2016-05-14 18:00:00
INFO [2016-05-20 14:24:58] Element:2016-05-14 22:00:00
INFO [2016-05-20 14:24:58] Element:2016-05-15 02:00:00
INFO [2016-05-20 14:24:58] Element:2016-05-15 06:00:00
INFO [2016-05-20 14:24:58] Element:2016-05-15 10:00:00
INFO [2016-05-20 14:24:58] Element:2016-05-15 14:00:00
INFO [2016-05-20 14:24:58] Element:2016-05-15 18:00:00
INFO [2016-05-20 14:24:58] Element:2016-05-15 22:00:00
INFO [2016-05-20 14:24:58] Element:2016-05-16 02:00:00
INFO [2016-05-20 14:24:58] Element:2016-05-16 06:00:00
INFO [2016-05-20 14:24:58] Element:2016-05-16 10:00:00
INFO [2016-05-20 14:24:58] Element:2016-05-16 14:00:00
INFO [2016-05-20 14:24:58] Element:2016-05-16 18:00:00
INFO [2016-05-20 14:24:58] Element:2016-05-16 22:00:00
INFO [2016-05-20 14:24:58] Element:2016-05-17 02:00:00
INFO [2016-05-20 14:24:58] Element:2016-05-17 06:00:00
INFO [2016-05-20 14:24:58] Element:2016-05-17 10:00:00
INFO [2016-05-20 14:24:58] Element:2016-05-17 14:00:00
INFO [2016-05-20 14:24:58] Element:2016-05-17 18:00:00
INFO [2016-05-20 14:24:58] Element:2016-05-17 22:00:00
INFO [2016-05-20 14:24:58] Element:2016-05-18 02:00:00
INFO [2016-05-20 14:24:58] Element:2016-05-18 06:00:00
INFO [2016-05-20 14:24:58] Element:2016-05-18 10:00:00
INFO [2016-05-20 14:24:58] Element:2016-05-18 14:00:00
INFO [2016-05-20 14:24:58] Element:2016-05-18 18:00:00
INFO [2016-05-20 14:24:58] Element:2016-05-18 22:00:00
INFO [2016-05-20 14:24:58] Element:2016-05-19 02:00:00
INFO [2016-05-20 14:24:58] Element:2016-05-19 06:00:00
INFO [2016-05-20 14:24:58] Element:2016-05-19 10:00:00
INFO [2016-05-20 14:24:58] Element:2016-05-19 14:00:00
INFO [2016-05-20 14:24:58] Element:2016-05-19 18:00:00
INFO [2016-05-20 14:24:58] Element:2016-05-19 22:00:00
INFO [2016-05-20 14:24:58] Element:2016-05-20 02:00:00
INFO [2016-05-20 14:24:58] Element:2016-05-20 06:00:00
INFO [2016-05-20 14:24:58] Element:2016-05-20 10:00:00
INFO [2016-05-20 14:24:58] Element:2016-05-20 14:00:00
INFO [2016-05-20 14:24:58] Element:2016-05-20 18:00:00
INFO [2016-05-20 14:24:58] Element:2016-05-20 22:00:00
INFO [2016-05-20 14:24:58] Element:NA
INFO [2016-05-20 14:24:58] 0: weather_plot
INFO [2016-05-20 14:25:00] Погода запрошена успешно
INFO [2016-05-20 14:25:00]             timestamp temp pressure humidity
INFO [2016-05-20 14:25:00] 1 2016-05-20 13:41:31 14.1      752       93
INFO [2016-05-20 14:25:00] --------------------------------
INFO [2016-05-20 14:25:05] Погода запрошена успешно
INFO [2016-05-20 14:25:05]             timestamp temp pressure humidity
INFO [2016-05-20 14:25:05] 1 2016-05-20 13:41:31 14.1      752       93
INFO [2016-05-20 14:25:05] --------------------------------
INFO [2016-05-20 14:25:10] Погода запрошена успешно
INFO [2016-05-20 14:25:10]             timestamp temp pressure humidity
INFO [2016-05-20 14:25:10] 1 2016-05-20 13:41:31 14.1      752       93
INFO [2016-05-20 14:25:10] --------------------------------
INFO [2016-05-20 14:25:16] Погода запрошена успешно
INFO [2016-05-20 14:25:16]             timestamp temp pressure humidity
INFO [2016-05-20 14:25:16] 1 2016-05-20 13:41:31 14.1      752       93
INFO [2016-05-20 14:25:16] --------------------------------
INFO [2016-05-20 14:25:21] Погода запрошена успешно
INFO [2016-05-20 14:25:21]             timestamp temp pressure humidity
INFO [2016-05-20 14:25:21] 1 2016-05-20 13:41:31 14.1      752       93
INFO [2016-05-20 14:25:21] --------------------------------
